{"level":"error","process":"nats","replica":0,"message":"[68479] 2026/04/02 04:54:42.522343 [INF] Starting nats-server"}
{"level":"error","process":"nats","replica":0,"message":"[68479] 2026/04/02 04:54:42.525189 [INF]   Version:  2.12.6"}
{"level":"error","process":"nats","replica":0,"message":"[68479] 2026/04/02 04:54:42.525191 [INF]   Git:      [not set]"}
{"level":"error","process":"nats","replica":0,"message":"[68479] 2026/04/02 04:54:42.525192 [INF]   Name:     NDAS6U2B5QVG4HRF6NR6AWMNZBJ6DLAFUQV6DU3ZT3K5O4IAGMQWM4TG"}
{"level":"error","process":"nats","replica":0,"message":"[68479] 2026/04/02 04:54:42.525196 [INF]   Node:     379KnG0E"}
{"level":"error","process":"nats","replica":0,"message":"[68479] 2026/04/02 04:54:42.525196 [INF]   ID:       NDAS6U2B5QVG4HRF6NR6AWMNZBJ6DLAFUQV6DU3ZT3K5O4IAGMQWM4TG"}
{"level":"error","process":"nats","replica":0,"message":"[68479] 2026/04/02 04:54:42.619377 [INF] Starting http monitor on 0.0.0.0:8222"}
{"level":"error","process":"nats","replica":0,"message":"[68479] 2026/04/02 04:54:42.639232 [INF] Starting JetStream"}
{"level":"error","process":"nats","replica":0,"message":"[68479] 2026/04/02 04:54:42.660033 [INF]     _ ___ _____ ___ _____ ___ ___   _   __  __"}
{"level":"error","process":"nats","replica":0,"message":"[68479] 2026/04/02 04:54:42.660064 [INF]  _ | | __|_   _/ __|_   _| _ \\ __| /_\\ |  \\/  |"}
{"level":"error","process":"nats","replica":0,"message":"[68479] 2026/04/02 04:54:42.660065 [INF] | || | _|  | | \\__ \\ | | |   / _| / _ \\| |\\/| |"}
{"level":"error","process":"nats","replica":0,"message":"[68479] 2026/04/02 04:54:42.660066 [INF]  \\__/|___| |_| |___/ |_| |_|_\\___/_/ \\_\\_|  |_|"}
{"level":"error","process":"nats","replica":0,"message":"[68479] 2026/04/02 04:54:42.660067 [INF] "}
{"level":"error","process":"nats","replica":0,"message":"[68479] 2026/04/02 04:54:42.660068 [INF]          https://docs.nats.io/jetstream"}
{"level":"error","process":"nats","replica":0,"message":"[68479] 2026/04/02 04:54:42.660068 [INF] "}
{"level":"error","process":"nats","replica":0,"message":"[68479] 2026/04/02 04:54:42.660070 [INF] ---------------- JETSTREAM ----------------"}
{"level":"error","process":"nats","replica":0,"message":"[68479] 2026/04/02 04:54:42.660071 [INF]   Strict:          true"}
{"level":"error","process":"nats","replica":0,"message":"[68479] 2026/04/02 04:54:42.660077 [INF]   Max Memory:      12.00 GB"}
{"level":"error","process":"nats","replica":0,"message":"[68479] 2026/04/02 04:54:42.660078 [INF]   Max Storage:     128.76 GB"}
{"level":"error","process":"nats","replica":0,"message":"[68479] 2026/04/02 04:54:42.660079 [INF]   Store Directory: \".agileplus/nats-data/jetstream\""}
{"level":"error","process":"nats","replica":0,"message":"[68479] 2026/04/02 04:54:42.660080 [INF]   API Level:       3"}
{"level":"error","process":"nats","replica":0,"message":"[68479] 2026/04/02 04:54:42.660081 [INF] -------------------------------------------"}
{"level":"error","process":"nats","replica":0,"message":"[68479] 2026/04/02 04:54:42.675089 [INF] Took 35.839708ms to start JetStream"}
{"level":"error","process":"nats","replica":0,"message":"[68479] 2026/04/02 04:54:42.687010 [INF] Listening for client connections on 0.0.0.0:4222"}
{"level":"error","process":"nats","replica":0,"message":"[68479] 2026/04/02 04:54:42.700174 [INF] Server is ready"}
{"level":"error","process":"nats","replica":0,"message":"[68479] 2026/04/02 04:57:16.552022 [INF] Trapped \"terminated\" signal"}
{"level":"error","process":"nats","replica":0,"message":"[68479] 2026/04/02 04:57:16.671764 [INF] Initiating Shutdown..."}
{"level":"error","process":"nats","replica":0,"message":"[68479] 2026/04/02 04:57:16.683649 [INF] Initiating JetStream Shutdown..."}
{"level":"error","process":"nats","replica":0,"message":"[68479] 2026/04/02 04:57:16.692417 [INF] JetStream Shutdown"}
{"level":"error","process":"nats","replica":0,"message":"[68479] 2026/04/02 04:57:16.712775 [INF] Server Exiting.."}
