{"level":"info","process":"orb-containers","replica":0,"message":"--- Starting Dragonfly (Redis-compatible cache) ---"}
{"level":"info","process":"orb-containers","replica":0,"message":"Creating container agileplus-dragonfly on host port 6403"}
{"level":"info","process":"orb-containers","replica":0,"message":"--- Starting PostgreSQL 16 ---"}
{"level":"info","process":"orb-containers","replica":0,"message":"Creating container agileplus-postgres on host port 5456"}
{"level":"info","process":"orb-containers","replica":0,"message":"Waiting for containers to become ready..."}
{"level":"info","process":"orb-containers","replica":0,"message":"localhost:5456 - no response"}
{"level":"info","process":"orb-containers","replica":0,"message":"  Waiting... (1/30)"}
{"level":"info","process":"orb-containers","replica":0,"message":"localhost:5456 - no response"}
{"level":"info","process":"orb-containers","replica":0,"message":"  Waiting... (2/30)"}
{"level":"info","process":"orb-containers","replica":0,"message":"localhost:5456 - no response"}
{"level":"info","process":"orb-containers","replica":0,"message":"  Waiting... (3/30)"}
{"level":"info","process":"orb-containers","replica":0,"message":"localhost:5456 - no response"}
{"level":"info","process":"orb-containers","replica":0,"message":"  Waiting... (4/30)"}
{"level":"info","process":"orb-containers","replica":0,"message":"localhost:5456 - no response"}
{"level":"info","process":"orb-containers","replica":0,"message":"  Waiting... (5/30)"}
{"level":"info","process":"orb-containers","replica":0,"message":"localhost:5456 - no response"}
{"level":"info","process":"orb-containers","replica":0,"message":"  Waiting... (6/30)"}
{"level":"info","process":"orb-containers","replica":0,"message":"localhost:5456 - no response"}
{"level":"info","process":"orb-containers","replica":0,"message":"  Waiting... (7/30)"}
{"level":"info","process":"orb-containers","replica":0,"message":"localhost:5456 - no response"}
{"level":"info","process":"orb-containers","replica":0,"message":"  Waiting... (8/30)"}
{"level":"info","process":"orb-containers","replica":0,"message":"localhost:5456 - no response"}
{"level":"info","process":"orb-containers","replica":0,"message":"  Waiting... (9/30)"}
{"level":"info","process":"orb-containers","replica":0,"message":"localhost:5456 - no response"}
{"level":"info","process":"orb-containers","replica":0,"message":"  Waiting... (10/30)"}
{"level":"info","process":"orb-containers","replica":0,"message":"localhost:5456 - no response"}
{"level":"info","process":"orb-containers","replica":0,"message":"  Waiting... (11/30)"}
{"level":"info","process":"orb-containers","replica":0,"message":"localhost:5456 - no response"}
{"level":"info","process":"orb-containers","replica":0,"message":"  Waiting... (12/30)"}
{"level":"info","process":"orb-containers","replica":0,"message":"localhost:5456 - no response"}
{"level":"info","process":"orb-containers","replica":0,"message":"  Waiting... (13/30)"}
{"level":"info","process":"orb-containers","replica":0,"message":"localhost:5456 - no response"}
{"level":"info","process":"orb-containers","replica":0,"message":"  Waiting... (14/30)"}
{"level":"info","process":"orb-containers","replica":0,"message":"localhost:5456 - no response"}
{"level":"info","process":"orb-containers","replica":0,"message":"  Waiting... (15/30)"}
{"level":"info","process":"orb-containers","replica":0,"message":"localhost:5456 - no response"}
{"level":"info","process":"orb-containers","replica":0,"message":"  Waiting... (16/30)"}
{"level":"info","process":"orb-containers","replica":0,"message":"localhost:5456 - no response"}
{"level":"info","process":"orb-containers","replica":0,"message":"  Waiting... (17/30)"}
{"level":"info","process":"orb-containers","replica":0,"message":"localhost:5456 - no response"}
{"level":"info","process":"orb-containers","replica":0,"message":"  Waiting... (18/30)"}
{"level":"info","process":"orb-containers","replica":0,"message":"localhost:5456 - no response"}
{"level":"info","process":"orb-containers","replica":0,"message":"  Waiting... (19/30)"}
{"level":"info","process":"orb-containers","replica":0,"message":"localhost:5456 - no response"}
{"level":"info","process":"orb-containers","replica":0,"message":"  Waiting... (20/30)"}
{"level":"info","process":"orb-containers","replica":0,"message":"localhost:5456 - accepting connections"}
{"level":"info","process":"orb-containers","replica":0,"message":"All OrbStack containers are ready."}
