[90m26-04-02 04:54:41.569[0m [32mINF[0m [1mProcess Compose v1.100.0[0m
[90m26-04-02 04:54:41.580[0m [32mINF[0m [1mLoaded project from /Users/kooshapari/CodeProjects/Phenotype/repos/AgilePlus/process-compose.local.yml[0m
[90m26-04-02 04:54:41.580[0m [32mINF[0m [1mGlobal shell command: bash -c[0m
[90m26-04-02 04:54:41.583[0m [32mINF[0m [1mstart http server listening localhost:8080[0m
[90m26-04-02 04:54:41.602[0m [32mINF[0m [1mScheduler started[0m
[90m26-04-02 04:54:41.613[0m [32mINF[0m [1mplane-web is waiting for plane-api to be healthy[0m
[90m26-04-02 04:54:41.615[0m [32mINF[0m [1magileplus-api is waiting for nats to be healthy[0m
[90m26-04-02 04:54:41.616[0m [32mINF[0m [1mplane-api is waiting for orb-containers to be healthy[0m
[90m26-04-02 04:54:41.616[0m [32mINF[0m [1mplane-worker is waiting for plane-api to be healthy[0m
[90m26-04-02 04:54:41.609[0m [32mINF[0m [1mneo4j is waiting for nats to be healthy[0m
[90m26-04-02 04:54:41.610[0m [32mINF[0m [1mplane-beat is waiting for plane-api to be healthy[0m
[90m26-04-02 04:54:41.640[0m [32mINF[0m [1mStarted[0m [36mcommand=[0m["bash","-c","minio server .agileplus/minio-data --address :9001 --console-address :9002"] [36mprocess=[0mminio
[90m26-04-02 04:54:41.649[0m [32mINF[0m [1mStarted[0m [36mcommand=[0m["bash","-c","bash -c \"bash scripts/orb-up.sh && exec tail -f /dev/null\""] [36mprocess=[0morb-containers
[90m26-04-02 04:54:41.649[0m [32mINF[0m [1mStarted[0m [36mcommand=[0m["bash","-c","nats-server --jetstream --store_dir .agileplus/nats-data --port 4222 --http_port 8222"] [36mprocess=[0mnats
[90m26-04-02 04:54:46.732[0m [32mINF[0m [1magileplus-api is waiting for orb-containers to be healthy[0m
[90m26-04-02 04:54:46.735[0m [32mINF[0m [1mStarted[0m [36mcommand=[0m["bash","-c","bash -c \"if lsof -i :7687 >/dev/null 2>&1; then echo 'Neo4j already running on 7687, skipping start'; sleep infinity; else neo4j console; fi\""] [36mprocess=[0mneo4j
[90m26-04-02 04:55:07.765[0m [32mINF[0m [1mExited[0m [36mexit_code=[0m1 [36mprocess=[0mneo4j
[90m26-04-02 04:55:12.343[0m [33mWRN[0m [1morb-containers readiness probe failed[0m [36merror=[0m[31m[1m"exit status 2"[0m[0m [36mexit_code=[0m2
[90m26-04-02 04:55:17.080[0m [33mWRN[0m [1morb-containers readiness probe failed[0m [36merror=[0m[31m[1m"exit status 2"[0m[0m [36mexit_code=[0m2
[90m26-04-02 04:55:22.236[0m [33mWRN[0m [1morb-containers readiness probe failed[0m [36merror=[0m[31m[1m"exit status 2"[0m[0m [36mexit_code=[0m2
[90m26-04-02 04:55:27.496[0m [33mWRN[0m [1morb-containers readiness probe failed[0m [36merror=[0m[31m[1m"exit status 2"[0m[0m [36mexit_code=[0m2
[90m26-04-02 04:55:32.786[0m [33mWRN[0m [1morb-containers readiness probe failed[0m [36merror=[0m[31m[1m"signal: killed"[0m[0m [36mexit_code=[0m-1
[90m26-04-02 04:55:37.115[0m [33mWRN[0m [1morb-containers readiness probe failed[0m [36merror=[0m[31m[1m"exit status 2"[0m[0m [36mexit_code=[0m2
[90m26-04-02 04:55:42.379[0m [33mWRN[0m [1morb-containers readiness probe failed[0m [36merror=[0m[31m[1m"exit status 2"[0m[0m [36mexit_code=[0m2
[90m26-04-02 04:55:47.346[0m [33mWRN[0m [1morb-containers readiness probe failed[0m [36merror=[0m[31m[1m"exit status 2"[0m[0m [36mexit_code=[0m2
[90m26-04-02 04:55:52.871[0m [33mWRN[0m [1morb-containers readiness probe failed[0m [36merror=[0m[31m[1m"signal: killed"[0m[0m [36mexit_code=[0m-1
[90m26-04-02 04:55:57.694[0m [32mINF[0m [1magileplus-api is waiting for neo4j to be healthy[0m
[90m26-04-02 04:55:57.700[0m [31mERR[0m [1mProcess neo4j was aborted and won't become ready[0m
[90m26-04-02 04:55:57.699[0m [32mINF[0m [1mplane-api is waiting for minio to be healthy[0m
[90m26-04-02 04:55:57.700[0m [31mERR[0m [1mError: process agileplus-api depended on neo4j to become ready, but it was terminated[0m
[90m26-04-02 04:55:57.706[0m [31mERR[0m [1mError: process agileplus-api won't run[0m
[90m26-04-02 04:55:57.755[0m [32mINF[0m [1mStarted[0m [36mcommand=[0m["bash","-c","bash -c \"cd .agileplus/plane/apps/api && .venv/bin/python manage.py wait_for_db && .venv/bin/python manage.py wait_for_migrations && export MACHINE_SIGNATURE=\\$(hostname | shasum -a 256 | awk '{print \\$1}') && .venv/bin/python manage.py register_instance \\\"\\$MACHINE_SIGNATURE\\\" && .venv/bin/python manage.py configure_instance && .venv/bin/python manage.py create_bucket && .venv/bin/python manage.py clear_cache && .venv/bin/python manage.py runserver 0.0.0.0:8001 --settings=plane.settings.local\""] [36mprocess=[0mplane-api
[90m26-04-02 04:55:59.018[0m [32mINF[0m [1mExited[0m [36mexit_code=[0m1 [36mprocess=[0mplane-api
[90m26-04-02 04:55:59.019[0m [31mERR[0m [1mProcess plane-api was aborted and won't become ready[0m
[90m26-04-02 04:55:59.019[0m [31mERR[0m [1mError: process plane-beat depended on plane-api to become ready, but it was terminated[0m
[90m26-04-02 04:55:59.019[0m [31mERR[0m [1mError: process plane-beat won't run[0m
[90m26-04-02 04:55:59.019[0m [31mERR[0m [1mProcess plane-api was aborted and won't become ready[0m
[90m26-04-02 04:55:59.019[0m [31mERR[0m [1mError: process plane-worker depended on plane-api to become ready, but it was terminated[0m
[90m26-04-02 04:55:59.023[0m [31mERR[0m [1mError: process plane-worker won't run[0m
[90m26-04-02 04:55:59.030[0m [31mERR[0m [1mProcess plane-api was aborted and won't become ready[0m
[90m26-04-02 04:55:59.030[0m [31mERR[0m [1mError: process plane-web depended on plane-api to become ready, but it was terminated[0m
[90m26-04-02 04:55:59.030[0m [31mERR[0m [1mError: process plane-web won't run[0m
[90m26-04-02 04:56:18.490[0m [33mWRN[0m [1morb-containers readiness probe failed[0m [36merror=[0m[31m[1m"signal: killed"[0m[0m [36mexit_code=[0m-1
[90m26-04-02 04:56:47.671[0m [33mWRN[0m [1morb-containers readiness probe failed[0m [36merror=[0m[31m[1m"context deadline exceeded"[0m[0m [36mexit_code=[0m0
[90m26-04-02 04:56:52.688[0m [33mWRN[0m [1morb-containers readiness probe failed[0m [36merror=[0m[31m[1m"signal: killed"[0m[0m [36mexit_code=[0m-1
[90m26-04-02 04:57:16.720[0m [32mINF[0m [1mExited[0m [36mexit_code=[0m0 [36mprocess=[0mnats
[90m26-04-02 04:57:16.797[0m [32mINF[0m [1mExited[0m [36mexit_code=[0m0 [36mprocess=[0mminio
[90m26-04-02 04:57:26.604[0m [31mERR[0m [1mterminating orb-containers with timeout 10 failed - signal: killed[0m
[90m26-04-02 04:57:26.707[0m [32mINF[0m [1mExited[0m [36mexit_code=[0m-1 [36mprocess=[0morb-containers
[90m26-04-02 04:57:26.765[0m [32mINF[0m [1mScheduler stopped[0m
[90m26-04-02 04:57:26.765[0m [32mINF[0m [1mThank you for using process-compose[0m
